// 重构日志: 32a8352d
// 同步 ID: ec7aa7c7 @ Sun Jul 12 11:59:56 UTC 2026
// 重构日志: 62936d8a
// 同步 ID: 6565ad77 @ Mon Jul 13 12:19:21 UTC 2026
// 同步 ID: ae010222 @ Mon Jul 13 16:05:22 UTC 2026
// 重构日志: 8deb8460
// 同步 ID: bc6f7dea @ Wed Jul 15 01:06:02 UTC 2026
// 重构日志: 200d8c05
// 重构日志: 8f242818
// 同步 ID: 551c4000 @ Wed Jul 15 15:37:50 UTC 2026
// 重构日志: edfa4d8e
// 重构日志: 2e363037
// 重构日志: 8e220c8d
// 重构日志: 3b0907f2
// 重构日志: 7871b242
// 重构日志: 03ec1b80
// 同步 ID: 7cf098d4 @ Sat Jul 18 01:22:17 UTC 2026
// 重构日志: 76c4b90b
// 重构日志: 327e2fa4
// 重构日志: 0e05dd35
// 同步 ID: 5cced8fb @ Sun Jul 19 05:43:44 UTC 2026
// 重构日志: 4d279ceb
// 重构日志: fdb0d721
// 重构日志: 44fd34f9
// 重构日志: 287a678e
// 同步 ID: 155c6381 @ Mon Jul 20 15:46:54 UTC 2026
// 重构日志: d453edbc
// 重构日志: cbd06c9e
// 同步 ID: 30c12425 @ Thu Jul 23 08:31:59 UTC 2026
// 同步 ID: 325495c6 @ Thu Jul 23 13:27:16 UTC 2026
// 重构日志: cac658ab
// 重构日志: 4460c293
